This file contains any messages produced by compilers while
running configure, to aid debugging if configure makes a mistake.

It was created by glog configure 0.3.3, which was
generated by GNU Autoconf 2.69.  Invocation command line was

  $ ./configure 

## --------- ##
## Platform. ##
## --------- ##

hostname = bogon
uname -m = x86_64
uname -r = 3.13.0-24-generic
uname -s = Linux
uname -v = #46-Ubuntu SMP Thu Apr 10 19:11:08 UTC 2014

/usr/bin/uname -p = unknown
/bin/uname -X     = unknown

/bin/arch              = unknown
/usr/bin/arch -k       = unknown
/usr/convex/getsysinfo = unknown
/usr/bin/hostinfo      = unknown
/bin/machine           = unknown
/usr/bin/oslevel       = unknown
/bin/universe          = unknown

PATH: /usr/local/cuda-6.5/bin
PATH: /usr/local/sbin
PATH: /usr/local/bin
PATH: /usr/sbin
PATH: /usr/bin
PATH: /sbin
PATH: /bin
PATH: /usr/games
PATH: /usr/local/games


## ----------- ##
## Core tests. ##
## ----------- ##

configure:2779: checking for a BSD-compatible install
configure:2847: result: /usr/bin/install -c
configure:2858: checking whether build environment is sane
configure:2908: result: yes
configure:3049: checking for a thread-safe mkdir -p
configure:3088: result: /bin/mkdir -p
configure:3101: checking for gawk
configure:3117: found /usr/bin/gawk
configure:3128: result: gawk
configure:3139: checking whether make sets $(MAKE)
configure:3161: result: yes
configure:3300: checking for gcc
configure:3316: found /usr/bin/gcc
configure:3327: result: gcc
configure:3556: checking for C compiler version
configure:3565: gcc --version >&5
gcc (Ubuntu/Linaro 4.7.3-12ubuntu1) 4.7.3
Copyright (C) 2012 Free Software Foundation, Inc.
This is free software; see the source for copying conditions.  There is NO
warranty; not even for MERCHANTABILITY or FITNESS FOR A PARTICULAR PURPOSE.

configure:3576: $? = 0
configure:3565: gcc -v >&5
Using built-in specs.
COLLECT_GCC=gcc
COLLECT_LTO_WRAPPER=/usr/lib/gcc/x86_64-linux-gnu/4.7/lto-wrapper
Target: x86_64-linux-gnu
Configured with: ../src/configure -v --with-pkgversion='Ubuntu/Linaro 4.7.3-12ubuntu1' --with-bugurl=file:///usr/share/doc/gcc-4.7/README.Bugs --enable-languages=c,c++,go,fortran,objc,obj-c++ --prefix=/usr --program-suffix=-4.7 --enable-shared --enable-linker-build-id --libexecdir=/usr/lib --without-included-gettext --enable-threads=posix --with-gxx-include-dir=/usr/include/c++/4.7 --libdir=/usr/lib --enable-nls --with-sysroot=/ --enable-clocale=gnu --enable-libstdcxx-debug --enable-gnu-unique-object --disable-libmudflap --enable-plugin --with-system-zlib --enable-objc-gc --with-cloog --enable-cloog-backend=ppl --disable-cloog-version-check --disable-ppl-version-check --enable-multiarch --disable-werror --with-arch-32=i686 --with-abi=m64 --with-multilib-list=m32,m64,mx32 --with-tune=generic --enable-checking=release --build=x86_64-linux-gnu --host=x86_64-linux-gnu --target=x86_64-linux-gnu
Thread model: posix
gcc version 4.7.3 (Ubuntu/Linaro 4.7.3-12ubuntu1) 
configure:3576: $? = 0
configure:3565: gcc -V >&5
gcc: error: unrecognized command line option '-V'
gcc: fatal error: no input files
compilation terminated.
configure:3576: $? = 4
configure:3565: gcc -qversion >&5
gcc: error: unrecognized command line option '-qversion'
gcc: fatal error: no input files
compilation terminated.
configure:3576: $? = 4
configure:3596: checking whether the C compiler works
configure:3618: gcc    conftest.c  >&5
configure:3622: $? = 0
configure:3670: result: yes
configure:3673: checking for C compiler default output file name
configure:3675: result: a.out
configure:3681: checking for suffix of executables
configure:3688: gcc -o conftest    conftest.c  >&5
configure:3692: $? = 0
configure:3714: result: 
configure:3736: checking whether we are cross compiling
configure:3744: gcc -o conftest    conftest.c  >&5
configure:3748: $? = 0
configure:3755: ./conftest
configure:3759: $? = 0
configure:3774: result: no
configure:3779: checking for suffix of object files
configure:3801: gcc -c   conftest.c >&5
configure:3805: $? = 0
configure:3826: result: o
configure:3830: checking whether we are using the GNU C compiler
configure:3849: gcc -c   conftest.c >&5
configure:3849: $? = 0
configure:3858: result: yes
configure:3867: checking whether gcc accepts -g
configure:3887: gcc -c -g  conftest.c >&5
configure:3887: $? = 0
configure:3928: result: yes
configure:3945: checking for gcc option to accept ISO C89
configure:4008: gcc  -c -g -O2  conftest.c >&5
configure:4008: $? = 0
configure:4021: result: none needed
configure:4052: checking for style of include used by make
configure:4080: result: GNU
configure:4106: checking dependency style of gcc
configure:4217: result: gcc3
configure:4237: checking how to run the C preprocessor
configure:4268: gcc -E  conftest.c
configure:4268: $? = 0
configure:4282: gcc -E  conftest.c
conftest.c:11:28: fatal error: ac_nonexistent.h: No such file or directory
compilation terminated.
configure:4282: $? = 1
configure: failed program was:
| /* confdefs.h */
| #define PACKAGE_NAME "glog"
| #define PACKAGE_TARNAME "glog"
| #define PACKAGE_VERSION "0.3.3"
| #define PACKAGE_STRING "glog 0.3.3"
| #define PACKAGE_BUGREPORT "opensource@google.com"
| #define PACKAGE_URL ""
| #define PACKAGE "glog"
| #define VERSION "0.3.3"
| /* end confdefs.h.  */
| #include <ac_nonexistent.h>
configure:4307: result: gcc -E
configure:4327: gcc -E  conftest.c
configure:4327: $? = 0
configure:4341: gcc -E  conftest.c
conftest.c:11:28: fatal error: ac_nonexistent.h: No such file or directory
compilation terminated.
configure:4341: $? = 1
configure: failed program was:
| /* confdefs.h */
| #define PACKAGE_NAME "glog"
| #define PACKAGE_TARNAME "glog"
| #define PACKAGE_VERSION "0.3.3"
| #define PACKAGE_STRING "glog 0.3.3"
| #define PACKAGE_BUGREPORT "opensource@google.com"
| #define PACKAGE_URL ""
| #define PACKAGE "glog"
| #define VERSION "0.3.3"
| /* end confdefs.h.  */
| #include <ac_nonexistent.h>
configure:4427: checking for g++
configure:4443: found /usr/bin/g++
configure:4454: result: g++
configure:4481: checking for C++ compiler version
configure:4490: g++ --version >&5
g++ (Ubuntu/Linaro 4.7.3-12ubuntu1) 4.7.3
Copyright (C) 2012 Free Software Foundation, Inc.
This is free software; see the source for copying conditions.  There is NO
warranty; not even for MERCHANTABILITY or FITNESS FOR A PARTICULAR PURPOSE.

configure:4501: $? = 0
configure:4490: g++ -v >&5
Using built-in specs.
COLLECT_GCC=g++
COLLECT_LTO_WRAPPER=/usr/lib/gcc/x86_64-linux-gnu/4.7/lto-wrapper
Target: x86_64-linux-gnu
Configured with: ../src/configure -v --with-pkgversion='Ubuntu/Linaro 4.7.3-12ubuntu1' --with-bugurl=file:///usr/share/doc/gcc-4.7/README.Bugs --enable-languages=c,c++,go,fortran,objc,obj-c++ --prefix=/usr --program-suffix=-4.7 --enable-shared --enable-linker-build-id --libexecdir=/usr/lib --without-included-gettext --enable-threads=posix --with-gxx-include-dir=/usr/include/c++/4.7 --libdir=/usr/lib --enable-nls --with-sysroot=/ --enable-clocale=gnu --enable-libstdcxx-debug --enable-gnu-unique-object --disable-libmudflap --enable-plugin --with-system-zlib --enable-objc-gc --with-cloog --enable-cloog-backend=ppl --disable-cloog-version-check --disable-ppl-version-check --enable-multiarch --disable-werror --with-arch-32=i686 --with-abi=m64 --with-multilib-list=m32,m64,mx32 --with-tune=generic --enable-checking=release --build=x86_64-linux-gnu --host=x86_64-linux-gnu --target=x86_64-linux-gnu
Thread model: posix
gcc version 4.7.3 (Ubuntu/Linaro 4.7.3-12ubuntu1) 
configure:4501: $? = 0
configure:4490: g++ -V >&5
g++: error: unrecognized command line option '-V'
g++: fatal error: no input files
compilation terminated.
configure:4501: $? = 4
configure:4490: g++ -qversion >&5
g++: error: unrecognized command line option '-qversion'
g++: fatal error: no input files
compilation terminated.
configure:4501: $? = 4
configure:4505: checking whether we are using the GNU C++ compiler
configure:4524: g++ -c   conftest.cpp >&5
configure:4524: $? = 0
configure:4533: result: yes
configure:4542: checking whether g++ accepts -g
configure:4562: g++ -c -g  conftest.cpp >&5
configure:4562: $? = 0
configure:4603: result: yes
configure:4628: checking dependency style of g++
configure:4739: result: gcc3
configure:4792: checking build system type
configure:4806: result: x86_64-unknown-linux-gnu
configure:4826: checking host system type
configure:4839: result: x86_64-unknown-linux-gnu
configure:4880: checking how to print strings
configure:4907: result: printf
configure:4928: checking for a sed that does not truncate output
configure:4992: result: /bin/sed
configure:5010: checking for grep that handles long lines and -e
configure:5068: result: /bin/grep
configure:5073: checking for egrep
configure:5135: result: /bin/grep -E
configure:5140: checking for fgrep
configure:5202: result: /bin/grep -F
configure:5237: checking for ld used by gcc
configure:5304: result: /usr/bin/ld
configure:5311: checking if the linker (/usr/bin/ld) is GNU ld
configure:5326: result: yes
configure:5338: checking for BSD- or MS-compatible name lister (nm)
configure:5387: result: /usr/bin/nm -B
configure:5517: checking the name lister (/usr/bin/nm -B) interface
configure:5524: g++ -c -g -O2  conftest.cpp >&5
configure:5527: /usr/bin/nm -B "conftest.o"
configure:5530: output
0000000000000000 B some_variable
configure:5537: result: BSD nm
configure:5540: checking whether ln -s works
configure:5544: result: yes
configure:5552: checking the maximum length of command line arguments
configure:5682: result: 1572864
configure:5699: checking whether the shell understands some XSI constructs
configure:5709: result: yes
configure:5713: checking whether the shell understands "+="
configure:5719: result: yes
configure:5754: checking how to convert x86_64-unknown-linux-gnu file names to x86_64-unknown-linux-gnu format
configure:5794: result: func_convert_file_noop
configure:5801: checking how to convert x86_64-unknown-linux-gnu file names to toolchain format
configure:5821: result: func_convert_file_noop
configure:5828: checking for /usr/bin/ld option to reload object files
configure:5835: result: -r
configure:5909: checking for objdump
configure:5925: found /usr/bin/objdump
configure:5936: result: objdump
configure:5968: checking how to recognize dependent libraries
configure:6170: result: pass_all
configure:6255: checking for dlltool
configure:6285: result: no
configure:6315: checking how to associate runtime and link libraries
configure:6342: result: printf %s\n
configure:6403: checking for ar
configure:6419: found /usr/bin/ar
configure:6430: result: ar
configure:6467: checking for archiver @FILE support
configure:6484: g++ -c -g -O2  conftest.cpp >&5
configure:6484: $? = 0
configure:6487: ar cru libconftest.a @conftest.lst >&5
configure:6490: $? = 0
configure:6495: ar cru libconftest.a @conftest.lst >&5
ar: conftest.o: No such file or directory
configure:6498: $? = 1
configure:6510: result: @
configure:6568: checking for strip
configure:6584: found /usr/bin/strip
configure:6595: result: strip
configure:6667: checking for ranlib
configure:6683: found /usr/bin/ranlib
configure:6694: result: ranlib
configure:6796: checking command to parse /usr/bin/nm -B output from gcc object
configure:6916: g++ -c -g -O2  conftest.cpp >&5
configure:6919: $? = 0
configure:6923: /usr/bin/nm -B conftest.o \| sed -n -e 's/^.*[ ]\([ABCDGIRSTW][ABCDGIRSTW]*\)[ ][ ]*\([_A-Za-z][_A-Za-z0-9]*\)$/\1 \2 \2/p' | sed '/ __gnu_lto/d' \> conftest.nm
configure:6926: $? = 0
configure:6992: g++ -o conftest -g -O2   conftest.cpp conftstm.o >&5
configure:6995: $? = 0
configure:7033: result: ok
configure:7070: checking for sysroot
configure:7100: result: no
configure:7178: g++ -c -g -O2  conftest.cpp >&5
configure:7181: $? = 0
configure:7357: checking for mt
configure:7373: found /bin/mt
configure:7384: result: mt
configure:7407: checking if mt is a manifest tool
configure:7413: mt '-?'
configure:7421: result: no
configure:8059: checking for ANSI C header files
configure:8079: g++ -c -g -O2  conftest.cpp >&5
configure:8079: $? = 0
./configure: line 8093: conftest.cpp: command not found
configure:8163: result: no
configure:8176: checking for sys/types.h
configure:8176: g++ -c -g -O2  conftest.cpp >&5
configure:8176: $? = 0
configure:8176: result: yes
configure:8176: checking for sys/stat.h
configure:8176: g++ -c -g -O2  conftest.cpp >&5
configure:8176: $? = 0
configure:8176: result: yes
configure:8176: checking for stdlib.h
configure:8176: g++ -c -g -O2  conftest.cpp >&5
configure:8176: $? = 0
configure:8176: result: yes
configure:8176: checking for string.h
configure:8176: g++ -c -g -O2  conftest.cpp >&5
configure:8176: $? = 0
configure:8176: result: yes
configure:8176: checking for memory.h
configure:8176: g++ -c -g -O2  conftest.cpp >&5
configure:8176: $? = 0
configure:8176: result: yes
configure:8176: checking for strings.h
configure:8176: g++ -c -g -O2  conftest.cpp >&5
configure:8176: $? = 0
configure:8176: result: yes
configure:8176: checking for inttypes.h
configure:8176: g++ -c -g -O2  conftest.cpp >&5
configure:8176: $? = 0
configure:8176: result: yes
configure:8176: checking for stdint.h
configure:8176: g++ -c -g -O2  conftest.cpp >&5
configure:8176: $? = 0
configure:8176: result: yes
configure:8176: checking for unistd.h
configure:8176: g++ -c -g -O2  conftest.cpp >&5
configure:8176: $? = 0
configure:8176: result: yes
configure:8190: checking for dlfcn.h
configure:8190: g++ -c -g -O2  conftest.cpp >&5
configure:8190: $? = 0
configure:8190: result: yes
configure:8406: checking for objdir
configure:8421: result: .libs
configure:8692: checking if gcc supports -fno-rtti -fno-exceptions
configure:8710: gcc -c -g -O2  -fno-rtti -fno-exceptions conftest.c >&5
cc1: warning: command line option '-fno-rtti' is valid for C++/ObjC++ but not for C [enabled by default]
configure:8714: $? = 0
configure:8727: result: no
configure:9054: checking for gcc option to produce PIC
configure:9061: result: -fPIC -DPIC
configure:9069: checking if gcc PIC flag -fPIC -DPIC works
configure:9087: gcc -c -g -O2  -fPIC -DPIC -DPIC conftest.c >&5
configure:9091: $? = 0
configure:9104: result: yes
configure:9133: checking if gcc static flag -static works
configure:9161: result: yes
configure:9176: checking if gcc supports -c -o file.o
configure:9197: gcc -c -g -O2  -o out/conftest2.o conftest.c >&5
configure:9201: $? = 0
configure:9223: result: yes
configure:9231: checking if gcc supports -c -o file.o
configure:9278: result: yes
configure:9311: checking whether the gcc linker (/usr/bin/ld -m elf_x86_64) supports shared libraries
configure:10468: result: yes
configure:10505: checking whether -lc should be explicitly linked in
configure:10513: gcc -c -g -O2  conftest.c >&5
configure:10516: $? = 0
configure:10531: gcc -shared  -fPIC -DPIC conftest.o  -v -Wl,-soname -Wl,conftest -o conftest 2\>\&1 \| /bin/grep  -lc  \>/dev/null 2\>\&1
configure:10534: $? = 0
configure:10548: result: no
configure:10708: checking dynamic linker characteristics
configure:11219: gcc -o conftest -g -O2   -Wl,-rpath -Wl,/foo conftest.c  >&5
configure:11219: $? = 0
configure:11453: result: GNU/Linux ld.so
configure:11560: checking how to hardcode library paths into programs
configure:11585: result: immediate
configure:12125: checking whether stripping libraries is possible
configure:12130: result: yes
configure:12165: checking if libtool supports shared libraries
configure:12167: result: yes
configure:12170: checking whether to build shared libraries
configure:12191: result: yes
configure:12194: checking whether to build static libraries
configure:12198: result: yes
configure:12221: checking how to run the C++ preprocessor
configure:12248: g++ -E  conftest.cpp
configure:12248: $? = 0
configure:12262: g++ -E  conftest.cpp
conftest.cpp:22:28: fatal error: ac_nonexistent.h: No such file or directory
compilation terminated.
configure:12262: $? = 1
configure: failed program was:
| /* confdefs.h */
| #define PACKAGE_NAME "glog"
| #define PACKAGE_TARNAME "glog"
| #define PACKAGE_VERSION "0.3.3"
| #define PACKAGE_STRING "glog 0.3.3"
| #define PACKAGE_BUGREPORT "opensource@google.com"
| #define PACKAGE_URL ""
| #define PACKAGE "glog"
| #define VERSION "0.3.3"
| #define HAVE_SYS_TYPES_H 1
| #define HAVE_SYS_STAT_H 1
| #define HAVE_STDLIB_H 1
| #define HAVE_STRING_H 1
| #define HAVE_MEMORY_H 1
| #define HAVE_STRINGS_H 1
| #define HAVE_INTTYPES_H 1
| #define HAVE_STDINT_H 1
| #define HAVE_UNISTD_H 1
| #define HAVE_DLFCN_H 1
| #define LT_OBJDIR ".libs/"
| /* end confdefs.h.  */
| #include <ac_nonexistent.h>
configure:12287: result: g++ -E
configure:12307: g++ -E  conftest.cpp
configure:12307: $? = 0
configure:12321: g++ -E  conftest.cpp
conftest.cpp:22:28: fatal error: ac_nonexistent.h: No such file or directory
compilation terminated.
configure:12321: $? = 1
configure: failed program was:
| /* confdefs.h */
| #define PACKAGE_NAME "glog"
| #define PACKAGE_TARNAME "glog"
| #define PACKAGE_VERSION "0.3.3"
| #define PACKAGE_STRING "glog 0.3.3"
| #define PACKAGE_BUGREPORT "opensource@google.com"
| #define PACKAGE_URL ""
| #define PACKAGE "glog"
| #define VERSION "0.3.3"
| #define HAVE_SYS_TYPES_H 1
| #define HAVE_SYS_STAT_H 1
| #define HAVE_STDLIB_H 1
| #define HAVE_STRING_H 1
| #define HAVE_MEMORY_H 1
| #define HAVE_STRINGS_H 1
| #define HAVE_INTTYPES_H 1
| #define HAVE_STDINT_H 1
| #define HAVE_UNISTD_H 1
| #define HAVE_DLFCN_H 1
| #define LT_OBJDIR ".libs/"
| /* end confdefs.h.  */
| #include <ac_nonexistent.h>
configure:12490: checking for ld used by g++
configure:12557: result: /usr/bin/ld -m elf_x86_64
configure:12564: checking if the linker (/usr/bin/ld -m elf_x86_64) is GNU ld
configure:12579: result: yes
configure:12634: checking whether the g++ linker (/usr/bin/ld -m elf_x86_64) supports shared libraries
configure:13639: result: yes
configure:13675: g++ -c -g -O2  conftest.cpp >&5
configure:13678: $? = 0
configure:14198: checking for g++ option to produce PIC
configure:14205: result: -fPIC -DPIC
configure:14213: checking if g++ PIC flag -fPIC -DPIC works
configure:14231: g++ -c -g -O2  -fPIC -DPIC -DPIC conftest.cpp >&5
configure:14235: $? = 0
configure:14248: result: yes
configure:14271: checking if g++ static flag -static works
configure:14299: result: yes
configure:14311: checking if g++ supports -c -o file.o
configure:14332: g++ -c -g -O2  -o out/conftest2.o conftest.cpp >&5
configure:14336: $? = 0
configure:14358: result: yes
configure:14363: checking if g++ supports -c -o file.o
configure:14410: result: yes
configure:14440: checking whether the g++ linker (/usr/bin/ld -m elf_x86_64) supports shared libraries
configure:14479: result: yes
configure:14620: checking dynamic linker characteristics
configure:15299: result: GNU/Linux ld.so
configure:15352: checking how to hardcode library paths into programs
configure:15377: result: immediate
configure:15442: checking for ANSI C header files
configure:15546: result: no
configure:15557: checking for stdint.h
configure:15557: result: yes
configure:15565: checking for sys/types.h
configure:15565: result: yes
configure:15573: checking for inttypes.h
configure:15573: result: yes
configure:15583: checking for unistd.h
configure:15583: result: yes
configure:15597: checking syscall.h usability
configure:15597: g++ -c -g -O2  conftest.cpp >&5
configure:15597: $? = 0
configure:15597: result: yes
configure:15597: checking syscall.h presence
configure:15597: g++ -E  conftest.cpp
configure:15597: $? = 0
configure:15597: result: yes
configure:15597: checking for syscall.h
configure:15597: result: yes
configure:15609: checking sys/syscall.h usability
configure:15609: g++ -c -g -O2  conftest.cpp >&5
configure:15609: $? = 0
configure:15609: result: yes
configure:15609: checking sys/syscall.h presence
configure:15609: g++ -E  conftest.cpp
configure:15609: $? = 0
configure:15609: result: yes
configure:15609: checking for sys/syscall.h
configure:15609: result: yes
configure:15622: checking execinfo.h usability
configure:15622: g++ -c -g -O2  conftest.cpp >&5
configure:15622: $? = 0
configure:15622: result: yes
configure:15622: checking execinfo.h presence
configure:15622: g++ -E  conftest.cpp
configure:15622: $? = 0
configure:15622: result: yes
configure:15622: checking for execinfo.h
configure:15622: result: yes
configure:15635: checking libunwind.h usability
configure:15635: g++ -c -g -O2  conftest.cpp >&5
conftest.cpp:59:23: fatal error: libunwind.h: No such file or directory
compilation terminated.
configure:15635: $? = 1
configure: failed program was:
| /* confdefs.h */
| #define PACKAGE_NAME "glog"
| #define PACKAGE_TARNAME "glog"
| #define PACKAGE_VERSION "0.3.3"
| #define PACKAGE_STRING "glog 0.3.3"
| #define PACKAGE_BUGREPORT "opensource@google.com"
| #define PACKAGE_URL ""
| #define PACKAGE "glog"
| #define VERSION "0.3.3"
| #define HAVE_SYS_TYPES_H 1
| #define HAVE_SYS_STAT_H 1
| #define HAVE_STDLIB_H 1
| #define HAVE_STRING_H 1
| #define HAVE_MEMORY_H 1
| #define HAVE_STRINGS_H 1
| #define HAVE_INTTYPES_H 1
| #define HAVE_STDINT_H 1
| #define HAVE_UNISTD_H 1
| #define HAVE_DLFCN_H 1
| #define LT_OBJDIR ".libs/"
| #define HAVE_UNISTD_H 1
| #define HAVE_SYSCALL_H 1
| #define HAVE_SYS_SYSCALL_H 1
| #define HAVE_EXECINFO_H 1
| /* end confdefs.h.  */
| #include <stdio.h>
| #ifdef HAVE_SYS_TYPES_H
| # include <sys/types.h>
| #endif
| #ifdef HAVE_SYS_STAT_H
| # include <sys/stat.h>
| #endif
| #ifdef STDC_HEADERS
| # include <stdlib.h>
| # include <stddef.h>
| #else
| # ifdef HAVE_STDLIB_H
| #  include <stdlib.h>
| # endif
| #endif
| #ifdef HAVE_STRING_H
| # if !defined STDC_HEADERS && defined HAVE_MEMORY_H
| #  include <memory.h>
| # endif
| # include <string.h>
| #endif
| #ifdef HAVE_STRINGS_H
| # include <strings.h>
| #endif
| #ifdef HAVE_INTTYPES_H
| # include <inttypes.h>
| #endif
| #ifdef HAVE_STDINT_H
| # include <stdint.h>
| #endif
| #ifdef HAVE_UNISTD_H
| # include <unistd.h>
| #endif
| #include <libunwind.h>
configure:15635: result: no
configure:15635: checking libunwind.h presence
configure:15635: g++ -E  conftest.cpp
conftest.cpp:26:23: fatal error: libunwind.h: No such file or directory
compilation terminated.
configure:15635: $? = 1
configure: failed program was:
| /* confdefs.h */
| #define PACKAGE_NAME "glog"
| #define PACKAGE_TARNAME "glog"
| #define PACKAGE_VERSION "0.3.3"
| #define PACKAGE_STRING "glog 0.3.3"
| #define PACKAGE_BUGREPORT "opensource@google.com"
| #define PACKAGE_URL ""
| #define PACKAGE "glog"
| #define VERSION "0.3.3"
| #define HAVE_SYS_TYPES_H 1
| #define HAVE_SYS_STAT_H 1
| #define HAVE_STDLIB_H 1
| #define HAVE_STRING_H 1
| #define HAVE_MEMORY_H 1
| #define HAVE_STRINGS_H 1
| #define HAVE_INTTYPES_H 1
| #define HAVE_STDINT_H 1
| #define HAVE_UNISTD_H 1
| #define HAVE_DLFCN_H 1
| #define LT_OBJDIR ".libs/"
| #define HAVE_UNISTD_H 1
| #define HAVE_SYSCALL_H 1
| #define HAVE_SYS_SYSCALL_H 1
| #define HAVE_EXECINFO_H 1
| /* end confdefs.h.  */
| #include <libunwind.h>
configure:15635: result: no
configure:15635: checking for libunwind.h
configure:15635: result: no
configure:15649: checking ucontext.h usability
configure:15649: g++ -c -g -O2  conftest.cpp >&5
configure:15649: $? = 0
configure:15649: result: yes
configure:15649: checking ucontext.h presence
configure:15649: g++ -E  conftest.cpp
configure:15649: $? = 0
configure:15649: result: yes
configure:15649: checking for ucontext.h
configure:15649: result: yes
configure:15661: checking sys/utsname.h usability
configure:15661: g++ -c -g -O2  conftest.cpp >&5
configure:15661: $? = 0
configure:15661: result: yes
configure:15661: checking sys/utsname.h presence
configure:15661: g++ -E  conftest.cpp
configure:15661: $? = 0
configure:15661: result: yes
configure:15661: checking for sys/utsname.h
configure:15661: result: yes
configure:15673: checking pwd.h usability
configure:15673: g++ -c -g -O2  conftest.cpp >&5
configure:15673: $? = 0
configure:15673: result: yes
configure:15673: checking pwd.h presence
configure:15673: g++ -E  conftest.cpp
configure:15673: $? = 0
configure:15673: result: yes
configure:15673: checking for pwd.h
configure:15673: result: yes
configure:15685: checking syslog.h usability
configure:15685: g++ -c -g -O2  conftest.cpp >&5
configure:15685: $? = 0
configure:15685: result: yes
configure:15685: checking syslog.h presence
configure:15685: g++ -E  conftest.cpp
configure:15685: $? = 0
configure:15685: result: yes
configure:15685: checking for syslog.h
configure:15685: result: yes
configure:15697: checking sys/time.h usability
configure:15697: g++ -c -g -O2  conftest.cpp >&5
configure:15697: $? = 0
configure:15697: result: yes
configure:15697: checking sys/time.h presence
configure:15697: g++ -E  conftest.cpp
configure:15697: $? = 0
configure:15697: result: yes
configure:15697: checking for sys/time.h
configure:15697: result: yes
configure:15709: checking glob.h usability
configure:15709: g++ -c -g -O2  conftest.cpp >&5
configure:15709: $? = 0
configure:15709: result: yes
configure:15709: checking glob.h presence
configure:15709: g++ -E  conftest.cpp
configure:15709: $? = 0
configure:15709: result: yes
configure:15709: checking for glob.h
configure:15709: result: yes
configure:15722: checking unwind.h usability
configure:15722: g++ -c -g -O2  conftest.cpp >&5
configure:15722: $? = 0
configure:15722: result: yes
configure:15722: checking unwind.h presence
configure:15722: g++ -E  conftest.cpp
configure:15722: $? = 0
configure:15722: result: yes
configure:15722: checking for unwind.h
configure:15722: result: yes
configure:15737: checking size of void *
configure:15742: g++ -o conftest -g -O2   conftest.cpp  >&5
configure:15742: $? = 0
configure:15742: ./conftest
configure:15742: $? = 0
configure:15756: result: 8
configure:15769: checking for uint16_t
configure:15769: g++ -c -g -O2  conftest.cpp >&5
configure:15769: $? = 0
configure:15769: g++ -c -g -O2  conftest.cpp >&5
conftest.cpp: In function 'int main()':
conftest.cpp:70:22: error: expected primary-expression before ')' token
configure:15769: $? = 1
configure: failed program was:
| /* confdefs.h */
| #define PACKAGE_NAME "glog"
| #define PACKAGE_TARNAME "glog"
| #define PACKAGE_VERSION "0.3.3"
| #define PACKAGE_STRING "glog 0.3.3"
| #define PACKAGE_BUGREPORT "opensource@google.com"
| #define PACKAGE_URL ""
| #define PACKAGE "glog"
| #define VERSION "0.3.3"
| #define HAVE_SYS_TYPES_H 1
| #define HAVE_SYS_STAT_H 1
| #define HAVE_STDLIB_H 1
| #define HAVE_STRING_H 1
| #define HAVE_MEMORY_H 1
| #define HAVE_STRINGS_H 1
| #define HAVE_INTTYPES_H 1
| #define HAVE_STDINT_H 1
| #define HAVE_UNISTD_H 1
| #define HAVE_DLFCN_H 1
| #define LT_OBJDIR ".libs/"
| #define HAVE_UNISTD_H 1
| #define HAVE_SYSCALL_H 1
| #define HAVE_SYS_SYSCALL_H 1
| #define HAVE_EXECINFO_H 1
| #define HAVE_UCONTEXT_H 1
| #define HAVE_SYS_UTSNAME_H 1
| #define HAVE_PWD_H 1
| #define HAVE_SYSLOG_H 1
| #define HAVE_SYS_TIME_H 1
| #define HAVE_GLOB_H 1
| #define HAVE_UNWIND_H 1
| #define SIZEOF_VOID_P 8
| /* end confdefs.h.  */
| #include <stdio.h>
| #ifdef HAVE_SYS_TYPES_H
| # include <sys/types.h>
| #endif
| #ifdef HAVE_SYS_STAT_H
| # include <sys/stat.h>
| #endif
| #ifdef STDC_HEADERS
| # include <stdlib.h>
| # include <stddef.h>
| #else
| # ifdef HAVE_STDLIB_H
| #  include <stdlib.h>
| # endif
| #endif
| #ifdef HAVE_STRING_H
| # if !defined STDC_HEADERS && defined HAVE_MEMORY_H
| #  include <memory.h>
| # endif
| # include <string.h>
| #endif
| #ifdef HAVE_STRINGS_H
| # include <strings.h>
| #endif
| #ifdef HAVE_INTTYPES_H
| # include <inttypes.h>
| #endif
| #ifdef HAVE_STDINT_H
| # include <stdint.h>
| #endif
| #ifdef HAVE_UNISTD_H
| # include <unistd.h>
| #endif
| int
| main ()
| {
| if (sizeof ((uint16_t)))
| 	    return 0;
|   ;
|   return 0;
| }
configure:15769: result: yes
configure:15776: checking for u_int16_t
configure:15776: g++ -c -g -O2  conftest.cpp >&5
configure:15776: $? = 0
configure:15776: g++ -c -g -O2  conftest.cpp >&5
conftest.cpp: In function 'int main()':
conftest.cpp:70:23: error: expected primary-expression before ')' token
configure:15776: $? = 1
configure: failed program was:
| /* confdefs.h */
| #define PACKAGE_NAME "glog"
| #define PACKAGE_TARNAME "glog"
| #define PACKAGE_VERSION "0.3.3"
| #define PACKAGE_STRING "glog 0.3.3"
| #define PACKAGE_BUGREPORT "opensource@google.com"
| #define PACKAGE_URL ""
| #define PACKAGE "glog"
| #define VERSION "0.3.3"
| #define HAVE_SYS_TYPES_H 1
| #define HAVE_SYS_STAT_H 1
| #define HAVE_STDLIB_H 1
| #define HAVE_STRING_H 1
| #define HAVE_MEMORY_H 1
| #define HAVE_STRINGS_H 1
| #define HAVE_INTTYPES_H 1
| #define HAVE_STDINT_H 1
| #define HAVE_UNISTD_H 1
| #define HAVE_DLFCN_H 1
| #define LT_OBJDIR ".libs/"
| #define HAVE_UNISTD_H 1
| #define HAVE_SYSCALL_H 1
| #define HAVE_SYS_SYSCALL_H 1
| #define HAVE_EXECINFO_H 1
| #define HAVE_UCONTEXT_H 1
| #define HAVE_SYS_UTSNAME_H 1
| #define HAVE_PWD_H 1
| #define HAVE_SYSLOG_H 1
| #define HAVE_SYS_TIME_H 1
| #define HAVE_GLOB_H 1
| #define HAVE_UNWIND_H 1
| #define SIZEOF_VOID_P 8
| /* end confdefs.h.  */
| #include <stdio.h>
| #ifdef HAVE_SYS_TYPES_H
| # include <sys/types.h>
| #endif
| #ifdef HAVE_SYS_STAT_H
| # include <sys/stat.h>
| #endif
| #ifdef STDC_HEADERS
| # include <stdlib.h>
| # include <stddef.h>
| #else
| # ifdef HAVE_STDLIB_H
| #  include <stdlib.h>
| # endif
| #endif
| #ifdef HAVE_STRING_H
| # if !defined STDC_HEADERS && defined HAVE_MEMORY_H
| #  include <memory.h>
| # endif
| # include <string.h>
| #endif
| #ifdef HAVE_STRINGS_H
| # include <strings.h>
| #endif
| #ifdef HAVE_INTTYPES_H
| # include <inttypes.h>
| #endif
| #ifdef HAVE_STDINT_H
| # include <stdint.h>
| #endif
| #ifdef HAVE_UNISTD_H
| # include <unistd.h>
| #endif
| int
| main ()
| {
| if (sizeof ((u_int16_t)))
| 	    return 0;
|   ;
|   return 0;
| }
configure:15776: result: yes
configure:15783: checking for __uint16
configure:15783: g++ -c -g -O2  conftest.cpp >&5
conftest.cpp: In function 'int main()':
conftest.cpp:70:13: error: '__uint16' was not declared in this scope
configure:15783: $? = 1
configure: failed program was:
| /* confdefs.h */
| #define PACKAGE_NAME "glog"
| #define PACKAGE_TARNAME "glog"
| #define PACKAGE_VERSION "0.3.3"
| #define PACKAGE_STRING "glog 0.3.3"
| #define PACKAGE_BUGREPORT "opensource@google.com"
| #define PACKAGE_URL ""
| #define PACKAGE "glog"
| #define VERSION "0.3.3"
| #define HAVE_SYS_TYPES_H 1
| #define HAVE_SYS_STAT_H 1
| #define HAVE_STDLIB_H 1
| #define HAVE_STRING_H 1
| #define HAVE_MEMORY_H 1
| #define HAVE_STRINGS_H 1
| #define HAVE_INTTYPES_H 1
| #define HAVE_STDINT_H 1
| #define HAVE_UNISTD_H 1
| #define HAVE_DLFCN_H 1
| #define LT_OBJDIR ".libs/"
| #define HAVE_UNISTD_H 1
| #define HAVE_SYSCALL_H 1
| #define HAVE_SYS_SYSCALL_H 1
| #define HAVE_EXECINFO_H 1
| #define HAVE_UCONTEXT_H 1
| #define HAVE_SYS_UTSNAME_H 1
| #define HAVE_PWD_H 1
| #define HAVE_SYSLOG_H 1
| #define HAVE_SYS_TIME_H 1
| #define HAVE_GLOB_H 1
| #define HAVE_UNWIND_H 1
| #define SIZEOF_VOID_P 8
| /* end confdefs.h.  */
| #include <stdio.h>
| #ifdef HAVE_SYS_TYPES_H
| # include <sys/types.h>
| #endif
| #ifdef HAVE_SYS_STAT_H
| # include <sys/stat.h>
| #endif
| #ifdef STDC_HEADERS
| # include <stdlib.h>
| # include <stddef.h>
| #else
| # ifdef HAVE_STDLIB_H
| #  include <stdlib.h>
| # endif
| #endif
| #ifdef HAVE_STRING_H
| # if !defined STDC_HEADERS && defined HAVE_MEMORY_H
| #  include <memory.h>
| # endif
| # include <string.h>
| #endif
| #ifdef HAVE_STRINGS_H
| # include <strings.h>
| #endif
| #ifdef HAVE_INTTYPES_H
| # include <inttypes.h>
| #endif
| #ifdef HAVE_STDINT_H
| # include <stdint.h>
| #endif
| #ifdef HAVE_UNISTD_H
| # include <unistd.h>
| #endif
| int
| main ()
| {
| if (sizeof (__uint16))
| 	 return 0;
|   ;
|   return 0;
| }
configure:15783: result: no
configure:15791: checking for sigaltstack
configure:15791: g++ -o conftest -g -O2   conftest.cpp  >&5
configure:15791: $? = 0
configure:15791: result: yes
configure:15798: checking for dladdr
configure:15798: g++ -o conftest -g -O2   conftest.cpp  >&5
/tmp/cceZ2YoC.o: In function `main':
/home/fangfang/work/x-project/extra/glog/conftest.cpp:69: undefined reference to `dladdr'
collect2: error: ld returned 1 exit status
configure:15798: $? = 1
configure: failed program was:
| /* confdefs.h */
| #define PACKAGE_NAME "glog"
| #define PACKAGE_TARNAME "glog"
| #define PACKAGE_VERSION "0.3.3"
| #define PACKAGE_STRING "glog 0.3.3"
| #define PACKAGE_BUGREPORT "opensource@google.com"
| #define PACKAGE_URL ""
| #define PACKAGE "glog"
| #define VERSION "0.3.3"
| #define HAVE_SYS_TYPES_H 1
| #define HAVE_SYS_STAT_H 1
| #define HAVE_STDLIB_H 1
| #define HAVE_STRING_H 1
| #define HAVE_MEMORY_H 1
| #define HAVE_STRINGS_H 1
| #define HAVE_INTTYPES_H 1
| #define HAVE_STDINT_H 1
| #define HAVE_UNISTD_H 1
| #define HAVE_DLFCN_H 1
| #define LT_OBJDIR ".libs/"
| #define HAVE_UNISTD_H 1
| #define HAVE_SYSCALL_H 1
| #define HAVE_SYS_SYSCALL_H 1
| #define HAVE_EXECINFO_H 1
| #define HAVE_UCONTEXT_H 1
| #define HAVE_SYS_UTSNAME_H 1
| #define HAVE_PWD_H 1
| #define HAVE_SYSLOG_H 1
| #define HAVE_SYS_TIME_H 1
| #define HAVE_GLOB_H 1
| #define HAVE_UNWIND_H 1
| #define SIZEOF_VOID_P 8
| #define HAVE_SIGALTSTACK 1
| /* end confdefs.h.  */
| /* Define dladdr to an innocuous variant, in case <limits.h> declares dladdr.
|    For example, HP-UX 11i <limits.h> declares gettimeofday.  */
| #define dladdr innocuous_dladdr
| 
| /* System header to define __stub macros and hopefully few prototypes,
|     which can conflict with char dladdr (); below.
|     Prefer <limits.h> to <assert.h> if __STDC__ is defined, since
|     <limits.h> exists even on freestanding compilers.  */
| 
| #ifdef __STDC__
| # include <limits.h>
| #else
| # include <assert.h>
| #endif
| 
| #undef dladdr
| 
| /* Override any GCC internal prototype to avoid an error.
|    Use char because int might match the return type of a GCC
|    builtin and then its argument prototype would still apply.  */
| #ifdef __cplusplus
| extern "C"
| #endif
| char dladdr ();
| /* The GNU C library defines this for functions which it implements
|     to always fail with ENOSYS.  Some functions are actually named
|     something starting with __ and the normal name is an alias.  */
| #if defined __stub_dladdr || defined __stub___dladdr
| choke me
| #endif
| 
| int
| main ()
| {
| return dladdr ();
|   ;
|   return 0;
| }
configure:15798: result: no
configure:15805: checking for fcntl
configure:15805: g++ -o conftest -g -O2   conftest.cpp  >&5
configure:15805: $? = 0
configure:15805: result: yes
configure:15814: checking for __attribute__
configure:15833: g++ -c -g -O2  conftest.cpp >&5
configure:15833: $? = 0
configure:15847: result: yes
configure:15862: checking for __builtin_expect
configure:15879: g++ -c -g -O2  conftest.cpp >&5
configure:15879: $? = 0
configure:15893: result: yes
configure:15903: checking for __sync_val_compare_and_swap
configure:15920: g++ -o conftest -g -O2   conftest.cpp  >&5
configure:15920: $? = 0
configure:15935: result: yes
configure:15959: g++ -c -g -O2  conftest.cpp >&5
configure:15959: $? = 0
configure:16167: checking for the pthreads library -lpthreads
configure:16200: gcc -o conftest -g -O2    conftest.c -lpthreads  >&5
/usr/bin/ld: cannot find -lpthreads
collect2: error: ld returned 1 exit status
configure:16200: $? = 1
configure: failed program was:
| /* confdefs.h */
| #define PACKAGE_NAME "glog"
| #define PACKAGE_TARNAME "glog"
| #define PACKAGE_VERSION "0.3.3"
| #define PACKAGE_STRING "glog 0.3.3"
| #define PACKAGE_BUGREPORT "opensource@google.com"
| #define PACKAGE_URL ""
| #define PACKAGE "glog"
| #define VERSION "0.3.3"
| #define HAVE_SYS_TYPES_H 1
| #define HAVE_SYS_STAT_H 1
| #define HAVE_STDLIB_H 1
| #define HAVE_STRING_H 1
| #define HAVE_MEMORY_H 1
| #define HAVE_STRINGS_H 1
| #define HAVE_INTTYPES_H 1
| #define HAVE_STDINT_H 1
| #define HAVE_UNISTD_H 1
| #define HAVE_DLFCN_H 1
| #define LT_OBJDIR ".libs/"
| #define HAVE_UNISTD_H 1
| #define HAVE_SYSCALL_H 1
| #define HAVE_SYS_SYSCALL_H 1
| #define HAVE_EXECINFO_H 1
| #define HAVE_UCONTEXT_H 1
| #define HAVE_SYS_UTSNAME_H 1
| #define HAVE_PWD_H 1
| #define HAVE_SYSLOG_H 1
| #define HAVE_SYS_TIME_H 1
| #define HAVE_GLOB_H 1
| #define HAVE_UNWIND_H 1
| #define SIZEOF_VOID_P 8
| #define HAVE_SIGALTSTACK 1
| #define HAVE_FCNTL 1
| #define HAVE___ATTRIBUTE__ 1
| #define HAVE___BUILTIN_EXPECT 1
| #define HAVE___SYNC_VAL_COMPARE_AND_SWAP 1
| /* end confdefs.h.  */
| #include <pthread.h>
| int
| main ()
| {
| pthread_t th; pthread_join(th, 0);
|                      pthread_attr_init(0); pthread_cleanup_push(0, 0);
|                      pthread_create(0,0,0,0); pthread_cleanup_pop(0);
|   ;
|   return 0;
| }
configure:16209: result: no
configure:16112: checking whether pthreads work without any flags
configure:16200: gcc -o conftest -g -O2    conftest.c   >&5
/tmp/cchMh2JK.o: In function `main':
/home/fangfang/work/x-project/extra/glog/conftest.c:43: undefined reference to `pthread_join'
/home/fangfang/work/x-project/extra/glog/conftest.c:44: undefined reference to `__pthread_register_cancel'
/home/fangfang/work/x-project/extra/glog/conftest.c:45: undefined reference to `pthread_create'
/home/fangfang/work/x-project/extra/glog/conftest.c:45: undefined reference to `__pthread_unregister_cancel'
collect2: error: ld returned 1 exit status
configure:16200: $? = 1
configure: failed program was:
| /* confdefs.h */
| #define PACKAGE_NAME "glog"
| #define PACKAGE_TARNAME "glog"
| #define PACKAGE_VERSION "0.3.3"
| #define PACKAGE_STRING "glog 0.3.3"
| #define PACKAGE_BUGREPORT "opensource@google.com"
| #define PACKAGE_URL ""
| #define PACKAGE "glog"
| #define VERSION "0.3.3"
| #define HAVE_SYS_TYPES_H 1
| #define HAVE_SYS_STAT_H 1
| #define HAVE_STDLIB_H 1
| #define HAVE_STRING_H 1
| #define HAVE_MEMORY_H 1
| #define HAVE_STRINGS_H 1
| #define HAVE_INTTYPES_H 1
| #define HAVE_STDINT_H 1
| #define HAVE_UNISTD_H 1
| #define HAVE_DLFCN_H 1
| #define LT_OBJDIR ".libs/"
| #define HAVE_UNISTD_H 1
| #define HAVE_SYSCALL_H 1
| #define HAVE_SYS_SYSCALL_H 1
| #define HAVE_EXECINFO_H 1
| #define HAVE_UCONTEXT_H 1
| #define HAVE_SYS_UTSNAME_H 1
| #define HAVE_PWD_H 1
| #define HAVE_SYSLOG_H 1
| #define HAVE_SYS_TIME_H 1
| #define HAVE_GLOB_H 1
| #define HAVE_UNWIND_H 1
| #define SIZEOF_VOID_P 8
| #define HAVE_SIGALTSTACK 1
| #define HAVE_FCNTL 1
| #define HAVE___ATTRIBUTE__ 1
| #define HAVE___BUILTIN_EXPECT 1
| #define HAVE___SYNC_VAL_COMPARE_AND_SWAP 1
| /* end confdefs.h.  */
| #include <pthread.h>
| int
| main ()
| {
| pthread_t th; pthread_join(th, 0);
|                      pthread_attr_init(0); pthread_cleanup_push(0, 0);
|                      pthread_create(0,0,0,0); pthread_cleanup_pop(0);
|   ;
|   return 0;
| }
configure:16209: result: no
configure:16117: checking whether pthreads work with -Kthread
configure:16200: gcc -o conftest -g -O2 -Kthread   conftest.c   >&5
gcc: error: unrecognized command line option '-Kthread'
configure:16200: $? = 1
configure: failed program was:
| /* confdefs.h */
| #define PACKAGE_NAME "glog"
| #define PACKAGE_TARNAME "glog"
| #define PACKAGE_VERSION "0.3.3"
| #define PACKAGE_STRING "glog 0.3.3"
| #define PACKAGE_BUGREPORT "opensource@google.com"
| #define PACKAGE_URL ""
| #define PACKAGE "glog"
| #define VERSION "0.3.3"
| #define HAVE_SYS_TYPES_H 1
| #define HAVE_SYS_STAT_H 1
| #define HAVE_STDLIB_H 1
| #define HAVE_STRING_H 1
| #define HAVE_MEMORY_H 1
| #define HAVE_STRINGS_H 1
| #define HAVE_INTTYPES_H 1
| #define HAVE_STDINT_H 1
| #define HAVE_UNISTD_H 1
| #define HAVE_DLFCN_H 1
| #define LT_OBJDIR ".libs/"
| #define HAVE_UNISTD_H 1
| #define HAVE_SYSCALL_H 1
| #define HAVE_SYS_SYSCALL_H 1
| #define HAVE_EXECINFO_H 1
| #define HAVE_UCONTEXT_H 1
| #define HAVE_SYS_UTSNAME_H 1
| #define HAVE_PWD_H 1
| #define HAVE_SYSLOG_H 1
| #define HAVE_SYS_TIME_H 1
| #define HAVE_GLOB_H 1
| #define HAVE_UNWIND_H 1
| #define SIZEOF_VOID_P 8
| #define HAVE_SIGALTSTACK 1
| #define HAVE_FCNTL 1
| #define HAVE___ATTRIBUTE__ 1
| #define HAVE___BUILTIN_EXPECT 1
| #define HAVE___SYNC_VAL_COMPARE_AND_SWAP 1
| /* end confdefs.h.  */
| #include <pthread.h>
| int
| main ()
| {
| pthread_t th; pthread_join(th, 0);
|                      pthread_attr_init(0); pthread_cleanup_push(0, 0);
|                      pthread_create(0,0,0,0); pthread_cleanup_pop(0);
|   ;
|   return 0;
| }
configure:16209: result: no
configure:16117: checking whether pthreads work with -kthread
configure:16200: gcc -o conftest -g -O2 -kthread   conftest.c   >&5
gcc: error: unrecognized command line option '-kthread'
configure:16200: $? = 1
configure: failed program was:
| /* confdefs.h */
| #define PACKAGE_NAME "glog"
| #define PACKAGE_TARNAME "glog"
| #define PACKAGE_VERSION "0.3.3"
| #define PACKAGE_STRING "glog 0.3.3"
| #define PACKAGE_BUGREPORT "opensource@google.com"
| #define PACKAGE_URL ""
| #define PACKAGE "glog"
| #define VERSION "0.3.3"
| #define HAVE_SYS_TYPES_H 1
| #define HAVE_SYS_STAT_H 1
| #define HAVE_STDLIB_H 1
| #define HAVE_STRING_H 1
| #define HAVE_MEMORY_H 1
| #define HAVE_STRINGS_H 1
| #define HAVE_INTTYPES_H 1
| #define HAVE_STDINT_H 1
| #define HAVE_UNISTD_H 1
| #define HAVE_DLFCN_H 1
| #define LT_OBJDIR ".libs/"
| #define HAVE_UNISTD_H 1
| #define HAVE_SYSCALL_H 1
| #define HAVE_SYS_SYSCALL_H 1
| #define HAVE_EXECINFO_H 1
| #define HAVE_UCONTEXT_H 1
| #define HAVE_SYS_UTSNAME_H 1
| #define HAVE_PWD_H 1
| #define HAVE_SYSLOG_H 1
| #define HAVE_SYS_TIME_H 1
| #define HAVE_GLOB_H 1
| #define HAVE_UNWIND_H 1
| #define SIZEOF_VOID_P 8
| #define HAVE_SIGALTSTACK 1
| #define HAVE_FCNTL 1
| #define HAVE___ATTRIBUTE__ 1
| #define HAVE___BUILTIN_EXPECT 1
| #define HAVE___SYNC_VAL_COMPARE_AND_SWAP 1
| /* end confdefs.h.  */
| #include <pthread.h>
| int
| main ()
| {
| pthread_t th; pthread_join(th, 0);
|                      pthread_attr_init(0); pthread_cleanup_push(0, 0);
|                      pthread_create(0,0,0,0); pthread_cleanup_pop(0);
|   ;
|   return 0;
| }
configure:16209: result: no
configure:16167: checking for the pthreads library -llthread
configure:16200: gcc -o conftest -g -O2    conftest.c -llthread  >&5
/usr/bin/ld: cannot find -llthread
collect2: error: ld returned 1 exit status
configure:16200: $? = 1
configure: failed program was:
| /* confdefs.h */
| #define PACKAGE_NAME "glog"
| #define PACKAGE_TARNAME "glog"
| #define PACKAGE_VERSION "0.3.3"
| #define PACKAGE_STRING "glog 0.3.3"
| #define PACKAGE_BUGREPORT "opensource@google.com"
| #define PACKAGE_URL ""
| #define PACKAGE "glog"
| #define VERSION "0.3.3"
| #define HAVE_SYS_TYPES_H 1
| #define HAVE_SYS_STAT_H 1
| #define HAVE_STDLIB_H 1
| #define HAVE_STRING_H 1
| #define HAVE_MEMORY_H 1
| #define HAVE_STRINGS_H 1
| #define HAVE_INTTYPES_H 1
| #define HAVE_STDINT_H 1
| #define HAVE_UNISTD_H 1
| #define HAVE_DLFCN_H 1
| #define LT_OBJDIR ".libs/"
| #define HAVE_UNISTD_H 1
| #define HAVE_SYSCALL_H 1
| #define HAVE_SYS_SYSCALL_H 1
| #define HAVE_EXECINFO_H 1
| #define HAVE_UCONTEXT_H 1
| #define HAVE_SYS_UTSNAME_H 1
| #define HAVE_PWD_H 1
| #define HAVE_SYSLOG_H 1
| #define HAVE_SYS_TIME_H 1
| #define HAVE_GLOB_H 1
| #define HAVE_UNWIND_H 1
| #define SIZEOF_VOID_P 8
| #define HAVE_SIGALTSTACK 1
| #define HAVE_FCNTL 1
| #define HAVE___ATTRIBUTE__ 1
| #define HAVE___BUILTIN_EXPECT 1
| #define HAVE___SYNC_VAL_COMPARE_AND_SWAP 1
| /* end confdefs.h.  */
| #include <pthread.h>
| int
| main ()
| {
| pthread_t th; pthread_join(th, 0);
|                      pthread_attr_init(0); pthread_cleanup_push(0, 0);
|                      pthread_create(0,0,0,0); pthread_cleanup_pop(0);
|   ;
|   return 0;
| }
configure:16209: result: no
configure:16117: checking whether pthreads work with -pthread
configure:16200: gcc -o conftest -g -O2 -pthread   conftest.c   >&5
configure:16200: $? = 0
configure:16209: result: yes
configure:16228: checking for joinable pthread attribute
configure:16243: gcc -o conftest -g -O2 -pthread   conftest.c   >&5
configure:16243: $? = 0
configure:16249: result: PTHREAD_CREATE_JOINABLE
configure:16259: checking if more special flags are required for pthreads
configure:16266: result: no
configure:16355: checking whether to check for GCC pthread/shared inconsistencies
configure:16368: gcc -o conftest -shared -fPIC -Wl,-z,defs -g -O2 -pthread   conftest.c   >&5
configure:16368: $? = 0
configure:16380: result: yes
configure:16386: checking whether -pthread is sufficient with -shared
configure:16401: gcc -o conftest -shared -fPIC -Wl,-z,defs -g -O2 -pthread   conftest.c   >&5
configure:16401: $? = 0
configure:16408: result: yes
configure:16527: checking for pthread_self in -lpthread
configure:16552: g++ -o conftest -g -O2   conftest.cpp -lpthread   >&5
configure:16552: $? = 0
configure:16561: result: yes
configure:16587: checking for main in -lgflags
configure:16606: g++ -o conftest -g -O2   conftest.cpp -lgflags  -lpthread  >&5
configure:16606: $? = 0
configure:16615: result: yes
configure:16642: checking for gtest-config
configure:16672: result: no
configure:16804: checking support for pthread_rwlock_* functions
configure:16830: gcc -c -g -O2  conftest.c >&5
configure:16830: $? = 0
configure:16844: result: yes
configure:16855: checking whether the compiler implements namespaces
configure:16879: g++ -c -g -O2  conftest.cpp >&5
configure:16879: $? = 0
configure:16892: result: yes
configure:16899: checking what namespace STL code is in
configure:16923: g++ -c -g -O2  conftest.cpp >&5
conftest.cpp: In function 'int main()':
conftest.cpp:48:1: error: 'vector' was not declared in this scope
conftest.cpp:48:1: note: suggested alternative:
In file included from /usr/include/c++/4.7/vector:65:0,
                 from conftest.cpp:44:
/usr/include/c++/4.7/bits/stl_vector.h:208:11: note:   'std::vector'
conftest.cpp:48:8: error: expected primary-expression before 'int'
conftest.cpp:48:8: error: expected ';' before 'int'
configure:16923: $? = 1
configure: failed program was:
| /* confdefs.h */
| #define PACKAGE_NAME "glog"
| #define PACKAGE_TARNAME "glog"
| #define PACKAGE_VERSION "0.3.3"
| #define PACKAGE_STRING "glog 0.3.3"
| #define PACKAGE_BUGREPORT "opensource@google.com"
| #define PACKAGE_URL ""
| #define PACKAGE "glog"
| #define VERSION "0.3.3"
| #define HAVE_SYS_TYPES_H 1
| #define HAVE_SYS_STAT_H 1
| #define HAVE_STDLIB_H 1
| #define HAVE_STRING_H 1
| #define HAVE_MEMORY_H 1
| #define HAVE_STRINGS_H 1
| #define HAVE_INTTYPES_H 1
| #define HAVE_STDINT_H 1
| #define HAVE_UNISTD_H 1
| #define HAVE_DLFCN_H 1
| #define LT_OBJDIR ".libs/"
| #define HAVE_UNISTD_H 1
| #define HAVE_SYSCALL_H 1
| #define HAVE_SYS_SYSCALL_H 1
| #define HAVE_EXECINFO_H 1
| #define HAVE_UCONTEXT_H 1
| #define HAVE_SYS_UTSNAME_H 1
| #define HAVE_PWD_H 1
| #define HAVE_SYSLOG_H 1
| #define HAVE_SYS_TIME_H 1
| #define HAVE_GLOB_H 1
| #define HAVE_UNWIND_H 1
| #define SIZEOF_VOID_P 8
| #define HAVE_SIGALTSTACK 1
| #define HAVE_FCNTL 1
| #define HAVE___ATTRIBUTE__ 1
| #define HAVE___BUILTIN_EXPECT 1
| #define HAVE___SYNC_VAL_COMPARE_AND_SWAP 1
| #define HAVE_PTHREAD 1
| #define HAVE_LIBPTHREAD 1
| #define HAVE_LIB_GFLAGS 1
| #define HAVE_RWLOCK 1
| #define HAVE_NAMESPACES 1
| /* end confdefs.h.  */
| #include <vector>
| int
| main ()
| {
| vector<int> t; return 0;
|   ;
|   return 0;
| }
configure:16938: g++ -c -g -O2  conftest.cpp >&5
configure:16938: $? = 0
configure:16949: result: std
configure:17000: checking whether compiler supports using ::operator<<
configure:17024: g++ -c -g -O2  conftest.cpp >&5
configure:17024: $? = 0
configure:17037: result: 1
configure:17047: checking for ucontext.h
configure:17047: result: yes
configure:17059: checking sys/ucontext.h usability
configure:17059: g++ -c -g -O2  conftest.cpp >&5
configure:17059: $? = 0
configure:17059: result: yes
configure:17059: checking sys/ucontext.h presence
configure:17059: g++ -E  conftest.cpp
configure:17059: $? = 0
configure:17059: result: yes
configure:17059: checking for sys/ucontext.h
configure:17059: result: yes
configure:17069: checking how to access the program counter from a struct ucontext
configure:17104: g++ -c -g -O2  conftest.cpp >&5
conftest.cpp: In function 'int main()':
conftest.cpp:56:42: error: 'REG_PC' was not declared in this scope
configure:17104: $? = 1
configure: failed program was:
| /* confdefs.h */
| #define PACKAGE_NAME "glog"
| #define PACKAGE_TARNAME "glog"
| #define PACKAGE_VERSION "0.3.3"
| #define PACKAGE_STRING "glog 0.3.3"
| #define PACKAGE_BUGREPORT "opensource@google.com"
| #define PACKAGE_URL ""
| #define PACKAGE "glog"
| #define VERSION "0.3.3"
| #define HAVE_SYS_TYPES_H 1
| #define HAVE_SYS_STAT_H 1
| #define HAVE_STDLIB_H 1
| #define HAVE_STRING_H 1
| #define HAVE_MEMORY_H 1
| #define HAVE_STRINGS_H 1
| #define HAVE_INTTYPES_H 1
| #define HAVE_STDINT_H 1
| #define HAVE_UNISTD_H 1
| #define HAVE_DLFCN_H 1
| #define LT_OBJDIR ".libs/"
| #define HAVE_UNISTD_H 1
| #define HAVE_SYSCALL_H 1
| #define HAVE_SYS_SYSCALL_H 1
| #define HAVE_EXECINFO_H 1
| #define HAVE_UCONTEXT_H 1
| #define HAVE_SYS_UTSNAME_H 1
| #define HAVE_PWD_H 1
| #define HAVE_SYSLOG_H 1
| #define HAVE_SYS_TIME_H 1
| #define HAVE_GLOB_H 1
| #define HAVE_UNWIND_H 1
| #define SIZEOF_VOID_P 8
| #define HAVE_SIGALTSTACK 1
| #define HAVE_FCNTL 1
| #define HAVE___ATTRIBUTE__ 1
| #define HAVE___BUILTIN_EXPECT 1
| #define HAVE___SYNC_VAL_COMPARE_AND_SWAP 1
| #define HAVE_PTHREAD 1
| #define HAVE_LIBPTHREAD 1
| #define HAVE_LIB_GFLAGS 1
| #define HAVE_RWLOCK 1
| #define HAVE_NAMESPACES 1
| #define STL_NAMESPACE std
| #define GOOGLE_NAMESPACE google
| #define _START_GOOGLE_NAMESPACE_ namespace google {
| #define _END_GOOGLE_NAMESPACE_ }
| #define HAVE_USING_OPERATOR 1
| #define HAVE_UCONTEXT_H 1
| #define HAVE_SYS_UCONTEXT_H 1
| /* end confdefs.h.  */
| #define _GNU_SOURCE 1
|                          #include <sys/ucontext.h>
| int
| main ()
| {
| ucontext_t u; return u.uc_mcontext.gregs[REG_PC] == 0;
|   ;
|   return 0;
| }
configure:17104: g++ -c -g -O2  conftest.cpp >&5
conftest.cpp: In function 'int main()':
conftest.cpp:56:42: error: 'REG_EIP' was not declared in this scope
configure:17104: $? = 1
configure: failed program was:
| /* confdefs.h */
| #define PACKAGE_NAME "glog"
| #define PACKAGE_TARNAME "glog"
| #define PACKAGE_VERSION "0.3.3"
| #define PACKAGE_STRING "glog 0.3.3"
| #define PACKAGE_BUGREPORT "opensource@google.com"
| #define PACKAGE_URL ""
| #define PACKAGE "glog"
| #define VERSION "0.3.3"
| #define HAVE_SYS_TYPES_H 1
| #define HAVE_SYS_STAT_H 1
| #define HAVE_STDLIB_H 1
| #define HAVE_STRING_H 1
| #define HAVE_MEMORY_H 1
| #define HAVE_STRINGS_H 1
| #define HAVE_INTTYPES_H 1
| #define HAVE_STDINT_H 1
| #define HAVE_UNISTD_H 1
| #define HAVE_DLFCN_H 1
| #define LT_OBJDIR ".libs/"
| #define HAVE_UNISTD_H 1
| #define HAVE_SYSCALL_H 1
| #define HAVE_SYS_SYSCALL_H 1
| #define HAVE_EXECINFO_H 1
| #define HAVE_UCONTEXT_H 1
| #define HAVE_SYS_UTSNAME_H 1
| #define HAVE_PWD_H 1
| #define HAVE_SYSLOG_H 1
| #define HAVE_SYS_TIME_H 1
| #define HAVE_GLOB_H 1
| #define HAVE_UNWIND_H 1
| #define SIZEOF_VOID_P 8
| #define HAVE_SIGALTSTACK 1
| #define HAVE_FCNTL 1
| #define HAVE___ATTRIBUTE__ 1
| #define HAVE___BUILTIN_EXPECT 1
| #define HAVE___SYNC_VAL_COMPARE_AND_SWAP 1
| #define HAVE_PTHREAD 1
| #define HAVE_LIBPTHREAD 1
| #define HAVE_LIB_GFLAGS 1
| #define HAVE_RWLOCK 1
| #define HAVE_NAMESPACES 1
| #define STL_NAMESPACE std
| #define GOOGLE_NAMESPACE google
| #define _START_GOOGLE_NAMESPACE_ namespace google {
| #define _END_GOOGLE_NAMESPACE_ }
| #define HAVE_USING_OPERATOR 1
| #define HAVE_UCONTEXT_H 1
| #define HAVE_SYS_UCONTEXT_H 1
| /* end confdefs.h.  */
| #define _GNU_SOURCE 1
|                          #include <sys/ucontext.h>
| int
| main ()
| {
| ucontext_t u; return u.uc_mcontext.gregs[REG_EIP] == 0;
|   ;
|   return 0;
| }
configure:17104: g++ -c -g -O2  conftest.cpp >&5
configure:17104: $? = 0
configure:17110: result: uc_mcontext.gregs[REG_RIP]
configure:17366: creating ./config.status

## ---------------------- ##
## Running config.status. ##
## ---------------------- ##

This file was extended by glog config.status 0.3.3, which was
generated by GNU Autoconf 2.69.  Invocation command line was

  CONFIG_FILES    = 
  CONFIG_HEADERS  = 
  CONFIG_LINKS    = 
  CONFIG_COMMANDS = 
  $ ./config.status 

on bogon

config.status:1214: creating Makefile
config.status:1214: creating src/glog/logging.h
config.status:1214: creating src/glog/raw_logging.h
config.status:1214: creating src/glog/vlog_is_on.h
config.status:1214: creating src/glog/stl_logging.h
config.status:1214: creating libglog.pc
config.status:1214: creating src/config.h
config.status:1395: src/config.h is unchanged
config.status:1443: executing depfiles commands
config.status:1443: executing libtool commands

## ---------------- ##
## Cache variables. ##
## ---------------- ##

ac_cv___attribute__=yes
ac_cv___attribute___noinline='__attribute__ ((noinline))'
ac_cv___attribute___noreturn='__attribute__ ((noreturn))'
ac_cv___attribute___printf_4_5='__attribute__((__format__ (__printf__, 4, 5)))'
ac_cv___builtin_expect=yes
ac_cv___sync_val_compare_and_swap=yes
ac_cv_build=x86_64-unknown-linux-gnu
ac_cv_c_compiler_gnu=yes
ac_cv_cxx_compiler_gnu=yes
ac_cv_cxx_namespaces=yes
ac_cv_cxx_stl_namespace=std
ac_cv_cxx_using_operator=1
ac_cv_env_CCC_set=
ac_cv_env_CCC_value=
ac_cv_env_CC_set=
ac_cv_env_CC_value=
ac_cv_env_CFLAGS_set=
ac_cv_env_CFLAGS_value=
ac_cv_env_CPPFLAGS_set=
ac_cv_env_CPPFLAGS_value=
ac_cv_env_CPP_set=
ac_cv_env_CPP_value=
ac_cv_env_CXXCPP_set=
ac_cv_env_CXXCPP_value=
ac_cv_env_CXXFLAGS_set=
ac_cv_env_CXXFLAGS_value=
ac_cv_env_CXX_set=
ac_cv_env_CXX_value=
ac_cv_env_LDFLAGS_set=
ac_cv_env_LDFLAGS_value=
ac_cv_env_LIBS_set=
ac_cv_env_LIBS_value=
ac_cv_env_build_alias_set=
ac_cv_env_build_alias_value=
ac_cv_env_host_alias_set=
ac_cv_env_host_alias_value=
ac_cv_env_target_alias_set=
ac_cv_env_target_alias_value=
ac_cv_func_dladdr=no
ac_cv_func_fcntl=yes
ac_cv_func_sigaltstack=yes
ac_cv_have___builtin_expect=1
ac_cv_have___uint16=0
ac_cv_have_inttypes_h=1
ac_cv_have_libgflags=1
ac_cv_have_libunwind_h=0
ac_cv_have_stdint_h=1
ac_cv_have_systypes_h=1
ac_cv_have_u_int16_t=1
ac_cv_have_uint16_t=1
ac_cv_have_unistd_h=1
ac_cv_header_dlfcn_h=yes
ac_cv_header_execinfo_h=yes
ac_cv_header_glob_h=yes
ac_cv_header_inttypes_h=yes
ac_cv_header_libunwind_h=no
ac_cv_header_memory_h=yes
ac_cv_header_pwd_h=yes
ac_cv_header_stdc=no
ac_cv_header_stdint_h=yes
ac_cv_header_stdlib_h=yes
ac_cv_header_string_h=yes
ac_cv_header_strings_h=yes
ac_cv_header_sys_stat_h=yes
ac_cv_header_sys_syscall_h=yes
ac_cv_header_sys_time_h=yes
ac_cv_header_sys_types_h=yes
ac_cv_header_sys_ucontext_h=yes
ac_cv_header_sys_utsname_h=yes
ac_cv_header_syscall_h=yes
ac_cv_header_syslog_h=yes
ac_cv_header_ucontext_h=yes
ac_cv_header_unistd_h=yes
ac_cv_header_unwind_h=yes
ac_cv_host=x86_64-unknown-linux-gnu
ac_cv_lib_gflags_main=yes
ac_cv_lib_pthread_pthread_self=yes
ac_cv_objext=o
ac_cv_path_EGREP='/bin/grep -E'
ac_cv_path_FGREP='/bin/grep -F'
ac_cv_path_GREP=/bin/grep
ac_cv_path_SED=/bin/sed
ac_cv_path_install='/usr/bin/install -c'
ac_cv_path_mkdir=/bin/mkdir
ac_cv_prog_AWK=gawk
ac_cv_prog_CPP='gcc -E'
ac_cv_prog_CXXCPP='g++ -E'
ac_cv_prog_ac_ct_AR=ar
ac_cv_prog_ac_ct_CC=gcc
ac_cv_prog_ac_ct_CXX=g++
ac_cv_prog_ac_ct_MANIFEST_TOOL=mt
ac_cv_prog_ac_ct_OBJDUMP=objdump
ac_cv_prog_ac_ct_RANLIB=ranlib
ac_cv_prog_ac_ct_STRIP=strip
ac_cv_prog_cc_c89=
ac_cv_prog_cc_g=yes
ac_cv_prog_cxx_g=yes
ac_cv_prog_make_make_set=yes
ac_cv_rwlock=yes
ac_cv_sizeof_void_p=8
ac_cv_type___uint16=no
ac_cv_type_u_int16_t=yes
ac_cv_type_uint16_t=yes
am_cv_CC_dependencies_compiler_type=gcc3
am_cv_CXX_dependencies_compiler_type=gcc3
lt_cv_ar_at_file=@
lt_cv_archive_cmds_need_lc=no
lt_cv_deplibs_check_method=pass_all
lt_cv_file_magic_cmd='$MAGIC_CMD'
lt_cv_file_magic_test_file=
lt_cv_ld_reload_flag=-r
lt_cv_nm_interface='BSD nm'
lt_cv_objdir=.libs
lt_cv_path_LD=/usr/bin/ld
lt_cv_path_LDCXX='/usr/bin/ld -m elf_x86_64'
lt_cv_path_NM='/usr/bin/nm -B'
lt_cv_path_mainfest_tool=no
lt_cv_prog_compiler_c_o=yes
lt_cv_prog_compiler_c_o_CXX=yes
lt_cv_prog_compiler_pic='-fPIC -DPIC'
lt_cv_prog_compiler_pic_CXX='-fPIC -DPIC'
lt_cv_prog_compiler_pic_works=yes
lt_cv_prog_compiler_pic_works_CXX=yes
lt_cv_prog_compiler_rtti_exceptions=no
lt_cv_prog_compiler_static_works=yes
lt_cv_prog_compiler_static_works_CXX=yes
lt_cv_prog_gnu_ld=yes
lt_cv_prog_gnu_ldcxx=yes
lt_cv_sharedlib_from_linklib_cmd='printf %s\n'
lt_cv_shlibpath_overrides_runpath=no
lt_cv_sys_global_symbol_pipe='sed -n -e '\''s/^.*[	 ]\([ABCDGIRSTW][ABCDGIRSTW]*\)[	 ][	 ]*\([_A-Za-z][_A-Za-z0-9]*\)$/\1 \2 \2/p'\'' | sed '\''/ __gnu_lto/d'\'''
lt_cv_sys_global_symbol_to_c_name_address='sed -n -e '\''s/^: \([^ ]*\)[ ]*$/  {\"\1\", (void *) 0},/p'\'' -e '\''s/^[ABCDGIRSTW]* \([^ ]*\) \([^ ]*\)$/  {"\2", (void *) \&\2},/p'\'''
lt_cv_sys_global_symbol_to_c_name_address_lib_prefix='sed -n -e '\''s/^: \([^ ]*\)[ ]*$/  {\"\1\", (void *) 0},/p'\'' -e '\''s/^[ABCDGIRSTW]* \([^ ]*\) \(lib[^ ]*\)$/  {"\2", (void *) \&\2},/p'\'' -e '\''s/^[ABCDGIRSTW]* \([^ ]*\) \([^ ]*\)$/  {"lib\2", (void *) \&\2},/p'\'''
lt_cv_sys_global_symbol_to_cdecl='sed -n -e '\''s/^T .* \(.*\)$/extern int \1();/p'\'' -e '\''s/^[ABCDGIRSTW]* .* \(.*\)$/extern char \1;/p'\'''
lt_cv_sys_max_cmd_len=1572864
lt_cv_to_host_file_cmd=func_convert_file_noop
lt_cv_to_tool_file_cmd=func_convert_file_noop

## ----------------- ##
## Output variables. ##
## ----------------- ##

ACLOCAL='${SHELL} /home/fangfang/work/x-project/extra/glog/missing --run aclocal-1.11'
AMDEPBACKSLASH='\'
AMDEP_FALSE='#'
AMDEP_TRUE=''
AMTAR='$${TAR-tar}'
AR='ar'
AUTOCONF='${SHELL} /home/fangfang/work/x-project/extra/glog/missing --run autoconf'
AUTOHEADER='${SHELL} /home/fangfang/work/x-project/extra/glog/missing --run autoheader'
AUTOMAKE='${SHELL} /home/fangfang/work/x-project/extra/glog/missing --run automake-1.11'
AWK='gawk'
CC='gcc'
CCDEPMODE='depmode=gcc3'
CFLAGS='-g -O2'
CPP='gcc -E'
CPPFLAGS=''
CXX='g++'
CXXCPP='g++ -E'
CXXDEPMODE='depmode=gcc3'
CXXFLAGS='-g -O2'
CYGPATH_W='echo'
DEFS='-DHAVE_CONFIG_H'
DEPDIR='.deps'
DISABLE_RTTI_FALSE=''
DISABLE_RTTI_TRUE='#'
DLLTOOL='false'
DSYMUTIL=''
DUMPBIN=''
ECHO_C=''
ECHO_N='-n'
ECHO_T=''
EGREP='/bin/grep -E'
ENABLE_FRAME_POINTERS_FALSE=''
ENABLE_FRAME_POINTERS_TRUE='#'
EXEEXT=''
FGREP='/bin/grep -F'
GCC_FALSE='#'
GCC_TRUE=''
GFLAGS_CFLAGS=''
GFLAGS_LIBS='-lgflags'
GMOCK_CFLAGS=''
GMOCK_CONFIG=''
GMOCK_LIBS=''
GREP='/bin/grep'
GTEST_CFLAGS=''
GTEST_CONFIG=''
GTEST_LIBS=''
HAVE_GMOCK_FALSE=''
HAVE_GMOCK_TRUE='#'
INSTALL_DATA='${INSTALL} -m 644'
INSTALL_PROGRAM='${INSTALL}'
INSTALL_SCRIPT='${INSTALL}'
INSTALL_STRIP_PROGRAM='$(install_sh) -c -s'
LD='/usr/bin/ld -m elf_x86_64'
LDFLAGS=''
LIBOBJS=''
LIBS='-lpthread '
LIBTOOL='$(SHELL) $(top_builddir)/libtool'
LIBTOOL_DEPS='./ltmain.sh'
LIPO=''
LN_S='ln -s'
LTLIBOBJS=''
MAKEINFO='${SHELL} /home/fangfang/work/x-project/extra/glog/missing --run makeinfo'
MANIFEST_TOOL=':'
MKDIR_P='/bin/mkdir -p'
NM='/usr/bin/nm -B'
NMEDIT=''
OBJDUMP='objdump'
OBJEXT='o'
OTOOL64=''
OTOOL=''
PACKAGE='glog'
PACKAGE_BUGREPORT='opensource@google.com'
PACKAGE_NAME='glog'
PACKAGE_STRING='glog 0.3.3'
PACKAGE_TARNAME='glog'
PACKAGE_URL=''
PACKAGE_VERSION='0.3.3'
PATH_SEPARATOR=':'
PTHREAD_CC='gcc'
PTHREAD_CFLAGS='-pthread'
PTHREAD_LIBS=''
RANLIB='ranlib'
SED='/bin/sed'
SET_MAKE=''
SHELL='/bin/bash'
STRIP='strip'
UNWIND_LIBS=''
VERSION='0.3.3'
X86_64_FALSE='#'
X86_64_TRUE=''
ac_ct_AR='ar'
ac_ct_CC='gcc'
ac_ct_CXX='g++'
ac_ct_DUMPBIN=''
ac_cv___attribute___noinline='__attribute__ ((noinline))'
ac_cv___attribute___noreturn='__attribute__ ((noreturn))'
ac_cv___attribute___printf_4_5='__attribute__((__format__ (__printf__, 4, 5)))'
ac_cv_cxx_using_operator='1'
ac_cv_have___builtin_expect='1'
ac_cv_have___uint16='0'
ac_cv_have_inttypes_h='1'
ac_cv_have_libgflags='1'
ac_cv_have_stdint_h='1'
ac_cv_have_systypes_h='1'
ac_cv_have_u_int16_t='1'
ac_cv_have_uint16_t='1'
ac_cv_have_unistd_h='1'
ac_google_end_namespace='}'
ac_google_namespace='google'
ac_google_start_namespace='namespace google {'
acx_pthread_config=''
am__EXEEXT_FALSE=''
am__EXEEXT_TRUE='#'
am__fastdepCC_FALSE='#'
am__fastdepCC_TRUE=''
am__fastdepCXX_FALSE='#'
am__fastdepCXX_TRUE=''
am__include='include'
am__isrc=''
am__leading_dot='.'
am__nodep='_no'
am__quote=''
am__tar='$${TAR-tar} chof - "$$tardir"'
am__untar='$${TAR-tar} xf -'
bindir='${exec_prefix}/bin'
build='x86_64-unknown-linux-gnu'
build_alias=''
build_cpu='x86_64'
build_os='linux-gnu'
build_vendor='unknown'
datadir='${datarootdir}'
datarootdir='${prefix}/share'
docdir='${datarootdir}/doc/${PACKAGE_TARNAME}'
dvidir='${docdir}'
exec_prefix='${prefix}'
host='x86_64-unknown-linux-gnu'
host_alias=''
host_cpu='x86_64'
host_os='linux-gnu'
host_vendor='unknown'
htmldir='${docdir}'
includedir='${prefix}/include'
infodir='${datarootdir}/info'
install_sh='${SHELL} /home/fangfang/work/x-project/extra/glog/install-sh'
libdir='${exec_prefix}/lib'
libexecdir='${exec_prefix}/libexec'
localedir='${datarootdir}/locale'
localstatedir='${prefix}/var'
mandir='${datarootdir}/man'
mkdir_p='/bin/mkdir -p'
oldincludedir='/usr/include'
pdfdir='${docdir}'
prefix='/home/fangfang/work/x-project/src'
program_transform_name='s,x,x,'
psdir='${docdir}'
sbindir='${exec_prefix}/sbin'
sharedstatedir='${prefix}/com'
sysconfdir='${prefix}/etc'
target_alias=''

## ----------- ##
## confdefs.h. ##
## ----------- ##

/* confdefs.h */
#define PACKAGE_NAME "glog"
#define PACKAGE_TARNAME "glog"
#define PACKAGE_VERSION "0.3.3"
#define PACKAGE_STRING "glog 0.3.3"
#define PACKAGE_BUGREPORT "opensource@google.com"
#define PACKAGE_URL ""
#define PACKAGE "glog"
#define VERSION "0.3.3"
#define HAVE_SYS_TYPES_H 1
#define HAVE_SYS_STAT_H 1
#define HAVE_STDLIB_H 1
#define HAVE_STRING_H 1
#define HAVE_MEMORY_H 1
#define HAVE_STRINGS_H 1
#define HAVE_INTTYPES_H 1
#define HAVE_STDINT_H 1
#define HAVE_UNISTD_H 1
#define HAVE_DLFCN_H 1
#define LT_OBJDIR ".libs/"
#define HAVE_UNISTD_H 1
#define HAVE_SYSCALL_H 1
#define HAVE_SYS_SYSCALL_H 1
#define HAVE_EXECINFO_H 1
#define HAVE_UCONTEXT_H 1
#define HAVE_SYS_UTSNAME_H 1
#define HAVE_PWD_H 1
#define HAVE_SYSLOG_H 1
#define HAVE_SYS_TIME_H 1
#define HAVE_GLOB_H 1
#define HAVE_UNWIND_H 1
#define SIZEOF_VOID_P 8
#define HAVE_SIGALTSTACK 1
#define HAVE_FCNTL 1
#define HAVE___ATTRIBUTE__ 1
#define HAVE___BUILTIN_EXPECT 1
#define HAVE___SYNC_VAL_COMPARE_AND_SWAP 1
#define HAVE_PTHREAD 1
#define HAVE_LIBPTHREAD 1
#define HAVE_LIB_GFLAGS 1
#define HAVE_RWLOCK 1
#define HAVE_NAMESPACES 1
#define STL_NAMESPACE std
#define GOOGLE_NAMESPACE google
#define _START_GOOGLE_NAMESPACE_ namespace google {
#define _END_GOOGLE_NAMESPACE_ }
#define HAVE_USING_OPERATOR 1
#define HAVE_UCONTEXT_H 1
#define HAVE_SYS_UCONTEXT_H 1
#define PC_FROM_UCONTEXT uc_mcontext.gregs[REG_RIP]
#define TEST_SRC_DIR "."

configure: exit 0
